0 info it worked if it ends with ok
1 verbose cli [ 'D:\\Program Files\\NodeJS\\node.exe',
1 verbose cli   'D:\\Program Files\\NodeJS\\node_modules\\npm\\bin\\npm-cli.js',
1 verbose cli   'install',
1 verbose cli   'cheerio',
1 verbose cli   '–save' ]
2 info using npm@3.10.10
3 info using node@v6.10.0
4 silly loadCurrentTree Starting
5 silly install loadCurrentTree
6 silly install readLocalPackageData
7 silly fetchPackageMetaData cheerio
8 silly fetchPackageMetaData –save
9 silly fetchNamedPackageData cheerio
10 silly mapToRegistry name cheerio
11 silly mapToRegistry using default registry
12 silly mapToRegistry registry https://registry.npm.taobao.org/
13 silly mapToRegistry data Result {
13 silly mapToRegistry   raw: 'cheerio',
13 silly mapToRegistry   scope: null,
13 silly mapToRegistry   escapedName: 'cheerio',
13 silly mapToRegistry   name: 'cheerio',
13 silly mapToRegistry   rawSpec: '',
13 silly mapToRegistry   spec: 'latest',
13 silly mapToRegistry   type: 'tag' }
14 silly mapToRegistry uri https://registry.npm.taobao.org/cheerio
15 silly fetchOtherPackageData –save
16 silly cache add args [ '–save', null ]
17 verbose cache add spec –save
18 silly cache add parsed spec Result {
18 silly cache add   raw: '–save',
18 silly cache add   scope: null,
18 silly cache add   escapedName: null,
18 silly cache add   name: null,
18 silly cache add   rawSpec: '–save',
18 silly cache add   spec: 'E:\\wwwroot\\node-spider\\–save',
18 silly cache add   type: 'local' }
19 error addLocal Could not install E:\wwwroot\node-spider\–save
20 silly fetchPackageMetaData Error: ENOENT: no such file or directory, open 'E:\wwwroot\node-spider\–save'
20 silly fetchPackageMetaData     at Error (native)
20 silly fetchPackageMetaData  error for –save { Error: ENOENT: no such file or directory, open 'E:\wwwroot\node-spider\–save'
20 silly fetchPackageMetaData     at Error (native)
20 silly fetchPackageMetaData   errno: -4058,
20 silly fetchPackageMetaData   code: 'ENOENT',
20 silly fetchPackageMetaData   syscall: 'open',
20 silly fetchPackageMetaData   path: 'E:\\wwwroot\\node-spider\\–save' }
21 verbose request uri https://registry.npm.taobao.org/cheerio
22 verbose request no auth needed
23 info attempt registry request try #1 at 12:17:30
24 verbose request id ff32b8c6979b4fdb
25 verbose etag "1ed40-nMGjNQEbrjj8n4IGSoWJsQ"
26 http request GET https://registry.npm.taobao.org/cheerio
27 info retry will retry, error on last attempt: TypeError: The header content contains invalid characters
28 info attempt registry request try #2 at 12:17:40
29 verbose etag "1ed40-nMGjNQEbrjj8n4IGSoWJsQ"
30 http request GET https://registry.npm.taobao.org/cheerio
31 info retry will retry, error on last attempt: TypeError: The header content contains invalid characters
32 info attempt registry request try #3 at 12:18:40
33 verbose etag "1ed40-nMGjNQEbrjj8n4IGSoWJsQ"
34 http request GET https://registry.npm.taobao.org/cheerio
35 silly get cb [ 304, undefined ]
36 verbose etag https://registry.npm.taobao.org/cheerio from cache
37 verbose get saving cheerio to D:\Program Files\nodejs\node_cache\registry.npm.taobao.org\cheerio\.cache.json
38 verbose correctMkdir D:\Program Files\nodejs\node_cache correctMkdir not in flight; initializing
39 silly rollbackFailedOptional Starting
40 silly rollbackFailedOptional Finishing
41 silly runTopLevelLifecycles Finishing
42 silly install printInstalled
43 verbose stack Error: ENOENT: no such file or directory, open 'E:\wwwroot\node-spider\–save'
43 verbose stack     at Error (native)
44 verbose cwd E:\wwwroot\node-spider
45 error Windows_NT 6.1.7601
46 error argv "D:\\Program Files\\NodeJS\\node.exe" "D:\\Program Files\\NodeJS\\node_modules\\npm\\bin\\npm-cli.js" "install" "cheerio" "–save"
47 error node v6.10.0
48 error npm  v3.10.10
49 error path E:\wwwroot\node-spider\–save
50 error code ENOENT
51 error errno -4058
52 error syscall open
53 error enoent ENOENT: no such file or directory, open 'E:\wwwroot\node-spider\–save'
54 error enoent ENOENT: no such file or directory, open 'E:\wwwroot\node-spider\–save'
54 error enoent This is most likely not a problem with npm itself
54 error enoent and is related to npm not being able to find a file.
55 verbose exit [ -4058, true ]
